<?xml version="1.0" encoding="UTF-8"?>
<!-- Generated by org.testng.reporters.JUnitReportReporter -->
<testsuite hostname="LAPTOP-K0RH6OE0" failures="0" tests="1" name="Testng.AmazonKeyboardAction" time="12.225" errors="0" timestamp="2022-10-07T21:18:42 CDT" skipped="0">
  <testcase classname="Testng.AmazonKeyboardAction" name="f" time="12.225"/>
  <system-out/>
</testsuite> <!-- Testng.AmazonKeyboardAction -->
