<?xml version="1.0" encoding="UTF-8"?>
<!-- Generated by org.testng.reporters.JUnitReportReporter -->
<testsuite hostname="LAPTOP-K0RH6OE0" failures="0" tests="4" name="Testng.NewTestSession" time="0.019" errors="0" timestamp="2022-10-12T18:20:30 CDT" skipped="0">
  <testcase classname="Testng.NewTestSession" name="f" time="0.004"/>
  <system-out/>
  <testcase classname="Testng.NewTestSession" name="Test6" time="0.006"/>
  <system-out/>
  <testcase classname="Testng.NewTestSession" name="Test6" time="0.007"/>
  <system-out/>
  <testcase classname="Testng.NewTestSession" name="f" time="0.002"/>
  <system-out/>
</testsuite> <!-- Testng.NewTestSession -->
